[28-Nov-2019 04:41:11 UTC] PHP Warning:  An unexpected error occurred. Something may be wrong with WordPress.org or this server&#8217;s configuration. If you continue to have problems, please try the <a href="https://wordpress.org/support/forums/">support forums</a>. (WordPress could not establish a secure connection to WordPress.org. Please contact your server administrator.) in C:\xampp\htdocs\php\wildones\wp-includes\update.php on line 162
[30-Nov-2019 04:42:37 UTC] PHP Warning:  An unexpected error occurred. Something may be wrong with WordPress.org or this server&#8217;s configuration. If you continue to have problems, please try the <a href="https://wordpress.org/support/forums/">support forums</a>. (WordPress could not establish a secure connection to WordPress.org. Please contact your server administrator.) in C:\xampp\htdocs\php\wildones\wp-includes\update.php on line 388
[30-Nov-2019 04:42:37 UTC] PHP Warning:  An unexpected error occurred. Something may be wrong with WordPress.org or this server&#8217;s configuration. If you continue to have problems, please try the <a href="https://wordpress.org/support/forums/">support forums</a>. (WordPress could not establish a secure connection to WordPress.org. Please contact your server administrator.) in C:\xampp\htdocs\php\wildones\wp-includes\update.php on line 577
[30-Nov-2019 04:42:37 UTC] PHP Warning:  An unexpected error occurred. Something may be wrong with WordPress.org or this server&#8217;s configuration. If you continue to have problems, please try the <a href="https://wordpress.org/support/forums/">support forums</a>. (WordPress could not establish a secure connection to WordPress.org. Please contact your server administrator.) in C:\xampp\htdocs\php\wildones\wp-includes\update.php on line 162
[01-Dec-2019 11:08:24 UTC] PHP Warning:  An unexpected error occurred. Something may be wrong with WordPress.org or this server&#8217;s configuration. If you continue to have problems, please try the <a href="https://wordpress.org/support/forums/">support forums</a>. (WordPress could not establish a secure connection to WordPress.org. Please contact your server administrator.) in C:\xampp\htdocs\php\wildones\wp-includes\update.php on line 388
[01-Dec-2019 11:08:24 UTC] PHP Warning:  An unexpected error occurred. Something may be wrong with WordPress.org or this server&#8217;s configuration. If you continue to have problems, please try the <a href="https://wordpress.org/support/forums/">support forums</a>. (WordPress could not establish a secure connection to WordPress.org. Please contact your server administrator.) in C:\xampp\htdocs\php\wildones\wp-includes\update.php on line 577
[01-Dec-2019 11:08:24 UTC] PHP Warning:  An unexpected error occurred. Something may be wrong with WordPress.org or this server&#8217;s configuration. If you continue to have problems, please try the <a href="https://wordpress.org/support/forums/">support forums</a>. (WordPress could not establish a secure connection to WordPress.org. Please contact your server administrator.) in C:\xampp\htdocs\php\wildones\wp-includes\update.php on line 162
[02-Dec-2019 04:56:21 UTC] PHP Warning:  An unexpected error occurred. Something may be wrong with WordPress.org or this server&#8217;s configuration. If you continue to have problems, please try the <a href="https://wordpress.org/support/forums/">support forums</a>. (WordPress could not establish a secure connection to WordPress.org. Please contact your server administrator.) in C:\xampp\htdocs\php\wildones\wp-includes\update.php on line 388
[02-Dec-2019 05:07:54 UTC] PHP Notice:  Undefined index: tag_line in C:\xampp\htdocs\php\wildones\wp-content\themes\SafariHelps\single-tours.php on line 21
[02-Dec-2019 05:07:54 UTC] PHP Notice:  Undefined index: tour_description in C:\xampp\htdocs\php\wildones\wp-content\themes\SafariHelps\single-tours.php on line 23
[03-Dec-2019 03:22:45 UTC] PHP Warning:  An unexpected error occurred. Something may be wrong with WordPress.org or this server&#8217;s configuration. If you continue to have problems, please try the <a href="https://wordpress.org/support/forums/">support forums</a>. (WordPress could not establish a secure connection to WordPress.org. Please contact your server administrator.) in C:\xampp\htdocs\php\wildones\wp-includes\update.php on line 388
[03-Dec-2019 03:23:05 UTC] PHP Fatal error:  Maximum execution time of 30 seconds exceeded in C:\xampp\htdocs\php\wildones\wp-includes\Requests\Transport\cURL.php on line 163
[03-Dec-2019 04:40:38 UTC] PHP Warning:  An unexpected error occurred. Something may be wrong with WordPress.org or this server&#8217;s configuration. If you continue to have problems, please try the <a href="https://wordpress.org/support/forums/">support forums</a>. (WordPress could not establish a secure connection to WordPress.org. Please contact your server administrator.) in C:\xampp\htdocs\php\wildones\wp-includes\update.php on line 162
[04-Dec-2019 12:42:45 UTC] PHP Warning:  An unexpected error occurred. Something may be wrong with WordPress.org or this server&#8217;s configuration. If you continue to have problems, please try the <a href="https://wordpress.org/support/forums/">support forums</a>. (WordPress could not establish a secure connection to WordPress.org. Please contact your server administrator.) in C:\xampp\htdocs\php\wildones\wp-includes\update.php on line 388
[04-Dec-2019 12:43:05 UTC] PHP Fatal error:  Maximum execution time of 30 seconds exceeded in C:\xampp\htdocs\php\wildones\wp-includes\Requests\Transport\cURL.php on line 163
[04-Dec-2019 12:44:03 UTC] PHP Warning:  An unexpected error occurred. Something may be wrong with WordPress.org or this server&#8217;s configuration. If you continue to have problems, please try the <a href="https://wordpress.org/support/forums/">support forums</a>. (WordPress could not establish a secure connection to WordPress.org. Please contact your server administrator.) in C:\xampp\htdocs\php\wildones\wp-includes\update.php on line 162
[05-Dec-2019 03:05:32 UTC] PHP Warning:  An unexpected error occurred. Something may be wrong with WordPress.org or this server&#8217;s configuration. If you continue to have problems, please try the <a href="https://wordpress.org/support/forums/">support forums</a>. (WordPress could not establish a secure connection to WordPress.org. Please contact your server administrator.) in C:\xampp\htdocs\php\wildones\wp-includes\update.php on line 388
[05-Dec-2019 04:40:42 UTC] PHP Warning:  An unexpected error occurred. Something may be wrong with WordPress.org or this server&#8217;s configuration. If you continue to have problems, please try the <a href="https://wordpress.org/support/forums/">support forums</a>. (WordPress could not establish a secure connection to WordPress.org. Please contact your server administrator.) in C:\xampp\htdocs\php\wildones\wp-includes\update.php on line 162
[06-Dec-2019 03:07:52 UTC] PHP Warning:  An unexpected error occurred. Something may be wrong with WordPress.org or this server&#8217;s configuration. If you continue to have problems, please try the <a href="https://wordpress.org/support/forums/">support forums</a>. (WordPress could not establish a secure connection to WordPress.org. Please contact your server administrator.) in C:\xampp\htdocs\php\wildones\wp-includes\update.php on line 388
[06-Dec-2019 03:08:12 UTC] PHP Fatal error:  Maximum execution time of 30 seconds exceeded in C:\xampp\htdocs\php\wildones\wp-includes\Requests\Transport\cURL.php on line 163
[06-Dec-2019 03:09:28 UTC] PHP Warning:  An unexpected error occurred. Something may be wrong with WordPress.org or this server&#8217;s configuration. If you continue to have problems, please try the <a href="https://wordpress.org/support/forums/">support forums</a>. (WordPress could not establish a secure connection to WordPress.org. Please contact your server administrator.) in C:\xampp\htdocs\php\wildones\wp-includes\update.php on line 162
[07-Dec-2019 05:46:57 UTC] PHP Notice:  Array to string conversion in C:\xampp\htdocs\php\wildones\wp-content\themes\SafariHelps\single-tours.php on line 14
[07-Dec-2019 05:51:51 UTC] PHP Warning:  Illegal string offset 'tour_duration' in C:\xampp\htdocs\php\wildones\wp-content\themes\SafariHelps\single-tours.php on line 7
[07-Dec-2019 05:51:51 UTC] PHP Notice:  Uninitialized string offset: 0 in C:\xampp\htdocs\php\wildones\wp-content\themes\SafariHelps\single-tours.php on line 7
[07-Dec-2019 05:51:51 UTC] PHP Warning:  Illegal string offset 'tour_duration' in C:\xampp\htdocs\php\wildones\wp-content\themes\SafariHelps\single-tours.php on line 7
[07-Dec-2019 05:51:51 UTC] PHP Notice:  Uninitialized string offset: 0 in C:\xampp\htdocs\php\wildones\wp-content\themes\SafariHelps\single-tours.php on line 7
[07-Dec-2019 05:51:51 UTC] PHP Warning:  Illegal string offset 'tour_duration' in C:\xampp\htdocs\php\wildones\wp-content\themes\SafariHelps\single-tours.php on line 7
[07-Dec-2019 05:51:51 UTC] PHP Notice:  Uninitialized string offset: 0 in C:\xampp\htdocs\php\wildones\wp-content\themes\SafariHelps\single-tours.php on line 7
[07-Dec-2019 05:51:51 UTC] PHP Warning:  Illegal string offset 'tour_duration' in C:\xampp\htdocs\php\wildones\wp-content\themes\SafariHelps\single-tours.php on line 7
[07-Dec-2019 05:51:51 UTC] PHP Notice:  Uninitialized string offset: 0 in C:\xampp\htdocs\php\wildones\wp-content\themes\SafariHelps\single-tours.php on line 7
[07-Dec-2019 05:51:51 UTC] PHP Notice:  Undefined index: minimum_price in C:\xampp\htdocs\php\wildones\wp-content\themes\SafariHelps\single-tours.php on line 49
[07-Dec-2019 05:51:51 UTC] PHP Notice:  Undefined index: maximum_price in C:\xampp\htdocs\php\wildones\wp-content\themes\SafariHelps\single-tours.php on line 49
[07-Dec-2019 05:51:51 UTC] PHP Notice:  Undefined index: advance_amount in C:\xampp\htdocs\php\wildones\wp-content\themes\SafariHelps\single-tours.php on line 53
[07-Dec-2019 05:51:51 UTC] PHP Notice:  Undefined index: tour_duration in C:\xampp\htdocs\php\wildones\wp-content\themes\SafariHelps\single-tours.php on line 57
[07-Dec-2019 05:51:51 UTC] PHP Notice:  Undefined index: route_map in C:\xampp\htdocs\php\wildones\wp-content\themes\SafariHelps\single-tours.php on line 80
[07-Dec-2019 05:52:33 UTC] PHP Notice:  Undefined index: minimum_price in C:\xampp\htdocs\php\wildones\wp-content\themes\SafariHelps\single-tours.php on line 47
[07-Dec-2019 05:52:33 UTC] PHP Notice:  Undefined index: maximum_price in C:\xampp\htdocs\php\wildones\wp-content\themes\SafariHelps\single-tours.php on line 47
[07-Dec-2019 05:52:33 UTC] PHP Notice:  Undefined index: advance_amount in C:\xampp\htdocs\php\wildones\wp-content\themes\SafariHelps\single-tours.php on line 51
[07-Dec-2019 05:52:33 UTC] PHP Notice:  Undefined index: tour_duration in C:\xampp\htdocs\php\wildones\wp-content\themes\SafariHelps\single-tours.php on line 55
[07-Dec-2019 05:52:33 UTC] PHP Notice:  Undefined index: route_map in C:\xampp\htdocs\php\wildones\wp-content\themes\SafariHelps\single-tours.php on line 78
[07-Dec-2019 06:46:25 UTC] PHP Notice:  Undefined variable: cats in C:\xampp\htdocs\php\wildones\wp-content\themes\SafariHelps\single-tours.php on line 392
[07-Dec-2019 06:46:25 UTC] PHP Notice:  Trying to get property 'term_id' of non-object in C:\xampp\htdocs\php\wildones\wp-content\themes\SafariHelps\single-tours.php on line 392
[07-Dec-2019 07:19:54 UTC] WordPress database error You have an error in your SQL syntax; check the manual that corresponds to your MySQL server version for the right syntax to use near 'FROM sh_terms AS t  INNER JOIN sh_term_taxonomy AS tt ON t.term_id = tt.term_id ' at line 1 for query SELECT   FROM sh_terms AS t  INNER JOIN sh_term_taxonomy AS tt ON t.term_id = tt.term_id INNER JOIN sh_term_relationships AS tr ON tr.term_taxonomy_id = tt.term_taxonomy_id WHERE tt.taxonomy IN ('category', 'country') AND tr.object_id IN (17) ORDER BY t.name ASC  made by require('wp-blog-header.php'), require_once('wp-includes/template-loader.php'), include('/themes/SafariHelps/single-tours.php'), wp_get_post_terms, wp_get_object_terms, get_terms, WP_Term_Query->query, WP_Term_Query->get_terms
[07-Dec-2019 07:20:36 UTC] WordPress database error You have an error in your SQL syntax; check the manual that corresponds to your MySQL server version for the right syntax to use near 'FROM sh_terms AS t  INNER JOIN sh_term_taxonomy AS tt ON t.term_id = tt.term_id ' at line 1 for query SELECT   FROM sh_terms AS t  INNER JOIN sh_term_taxonomy AS tt ON t.term_id = tt.term_id INNER JOIN sh_term_relationships AS tr ON tr.term_taxonomy_id = tt.term_taxonomy_id WHERE tt.taxonomy IN ('category', 'country') AND tr.object_id IN (17) ORDER BY t.name ASC  made by require('wp-blog-header.php'), require_once('wp-includes/template-loader.php'), include('/themes/SafariHelps/single-tours.php'), wp_get_post_terms, wp_get_object_terms, get_terms, WP_Term_Query->query, WP_Term_Query->get_terms
[07-Dec-2019 12:05:49 UTC] WordPress database error You have an error in your SQL syntax; check the manual that corresponds to your MySQL server version for the right syntax to use near 'FROM sh_terms AS t  INNER JOIN sh_term_taxonomy AS tt ON t.term_id = tt.term_id ' at line 1 for query SELECT   FROM sh_terms AS t  INNER JOIN sh_term_taxonomy AS tt ON t.term_id = tt.term_id INNER JOIN sh_term_relationships AS tr ON tr.term_taxonomy_id = tt.term_taxonomy_id WHERE tt.taxonomy IN ('category', 'country') AND tr.object_id IN (147) ORDER BY t.name ASC  made by require('wp-blog-header.php'), require_once('wp-includes/template-loader.php'), include('/themes/SafariHelps/single-tours.php'), wp_get_post_terms, wp_get_object_terms, get_terms, WP_Term_Query->query, WP_Term_Query->get_terms
[07-Dec-2019 12:05:49 UTC] PHP Notice:  Undefined offset: 0 in C:\xampp\htdocs\php\wildones\wp-content\themes\SafariHelps\single-tours.php on line 390
[07-Dec-2019 12:05:49 UTC] PHP Notice:  Undefined offset: 1 in C:\xampp\htdocs\php\wildones\wp-content\themes\SafariHelps\single-tours.php on line 395
[07-Dec-2019 12:09:31 UTC] PHP Fatal error:  Uncaught Error: Cannot use object of type WP_Term as array in C:\xampp\htdocs\php\wildones\wp-content\themes\SafariHelps\single-tours.php:388
Stack trace:
#0 C:\xampp\htdocs\php\wildones\wp-includes\template-loader.php(98): include()
#1 C:\xampp\htdocs\php\wildones\wp-blog-header.php(19): require_once('C:\\xampp\\htdocs...')
#2 C:\xampp\htdocs\php\wildones\index.php(17): require('C:\\xampp\\htdocs...')
#3 {main}
  thrown in C:\xampp\htdocs\php\wildones\wp-content\themes\SafariHelps\single-tours.php on line 388
[07-Dec-2019 12:09:42 UTC] PHP Fatal error:  Uncaught Error: Cannot use object of type WP_Term as array in C:\xampp\htdocs\php\wildones\wp-content\themes\SafariHelps\single-tours.php:388
Stack trace:
#0 C:\xampp\htdocs\php\wildones\wp-includes\template-loader.php(98): include()
#1 C:\xampp\htdocs\php\wildones\wp-blog-header.php(19): require_once('C:\\xampp\\htdocs...')
#2 C:\xampp\htdocs\php\wildones\index.php(17): require('C:\\xampp\\htdocs...')
#3 {main}
  thrown in C:\xampp\htdocs\php\wildones\wp-content\themes\SafariHelps\single-tours.php on line 388
[07-Dec-2019 12:10:27 UTC] PHP Fatal error:  Uncaught Error: Cannot use object of type WP_Term as array in C:\xampp\htdocs\php\wildones\wp-content\themes\SafariHelps\single-tours.php:388
Stack trace:
#0 C:\xampp\htdocs\php\wildones\wp-includes\template-loader.php(98): include()
#1 C:\xampp\htdocs\php\wildones\wp-blog-header.php(19): require_once('C:\\xampp\\htdocs...')
#2 C:\xampp\htdocs\php\wildones\index.php(17): require('C:\\xampp\\htdocs...')
#3 {main}
  thrown in C:\xampp\htdocs\php\wildones\wp-content\themes\SafariHelps\single-tours.php on line 388
[07-Dec-2019 12:11:10 UTC] PHP Fatal error:  Uncaught Error: Cannot use object of type WP_Term as array in C:\xampp\htdocs\php\wildones\wp-content\themes\SafariHelps\single-tours.php:394
Stack trace:
#0 C:\xampp\htdocs\php\wildones\wp-includes\template-loader.php(98): include()
#1 C:\xampp\htdocs\php\wildones\wp-blog-header.php(19): require_once('C:\\xampp\\htdocs...')
#2 C:\xampp\htdocs\php\wildones\index.php(17): require('C:\\xampp\\htdocs...')
#3 {main}
  thrown in C:\xampp\htdocs\php\wildones\wp-content\themes\SafariHelps\single-tours.php on line 394
[07-Dec-2019 12:16:27 UTC] PHP Fatal error:  Uncaught Error: Cannot use object of type WP_Term as array in C:\xampp\htdocs\php\wildones\wp-content\themes\SafariHelps\single-tours.php:394
Stack trace:
#0 C:\xampp\htdocs\php\wildones\wp-includes\template-loader.php(98): include()
#1 C:\xampp\htdocs\php\wildones\wp-blog-header.php(19): require_once('C:\\xampp\\htdocs...')
#2 C:\xampp\htdocs\php\wildones\index.php(17): require('C:\\xampp\\htdocs...')
#3 {main}
  thrown in C:\xampp\htdocs\php\wildones\wp-content\themes\SafariHelps\single-tours.php on line 394
[07-Dec-2019 12:18:17 UTC] PHP Notice:  Array to string conversion in C:\xampp\htdocs\php\wildones\wp-content\themes\SafariHelps\single-tours.php on line 396
[07-Dec-2019 12:18:17 UTC] PHP Notice:  Undefined variable: Array in C:\xampp\htdocs\php\wildones\wp-content\themes\SafariHelps\single-tours.php on line 396
[07-Dec-2019 12:18:17 UTC] PHP Notice:  Trying to get property 'slug' of non-object in C:\xampp\htdocs\php\wildones\wp-content\themes\SafariHelps\single-tours.php on line 396
[07-Dec-2019 12:18:17 UTC] PHP Fatal error:  Uncaught Error: Call to a member function have_posts() on string in C:\xampp\htdocs\php\wildones\wp-content\themes\SafariHelps\single-tours.php:409
Stack trace:
#0 C:\xampp\htdocs\php\wildones\wp-includes\template-loader.php(98): include()
#1 C:\xampp\htdocs\php\wildones\wp-blog-header.php(19): require_once('C:\\xampp\\htdocs...')
#2 C:\xampp\htdocs\php\wildones\index.php(17): require('C:\\xampp\\htdocs...')
#3 {main}
  thrown in C:\xampp\htdocs\php\wildones\wp-content\themes\SafariHelps\single-tours.php on line 409
[07-Dec-2019 12:18:46 UTC] PHP Fatal error:  Uncaught Error: Call to a member function have_posts() on string in C:\xampp\htdocs\php\wildones\wp-content\themes\SafariHelps\single-tours.php:409
Stack trace:
#0 C:\xampp\htdocs\php\wildones\wp-includes\template-loader.php(98): include()
#1 C:\xampp\htdocs\php\wildones\wp-blog-header.php(19): require_once('C:\\xampp\\htdocs...')
#2 C:\xampp\htdocs\php\wildones\index.php(17): require('C:\\xampp\\htdocs...')
#3 {main}
  thrown in C:\xampp\htdocs\php\wildones\wp-content\themes\SafariHelps\single-tours.php on line 409
[10-Dec-2019 03:02:01 UTC] PHP Notice:  Undefined index: minimum_price in C:\xampp\htdocs\php\wildones\wp-content\themes\SafariHelps\single-tours.php on line 48
[10-Dec-2019 03:04:03 UTC] PHP Notice:  Undefined index: minimum_price in C:\xampp\htdocs\php\wildones\wp-content\themes\SafariHelps\single-tours.php on line 48
[10-Dec-2019 06:20:45 UTC] PHP Notice:  Undefined index: route_map in /home/u729658375/domains/safarihelps.com/public_html/demo/wildones/wp-content/themes/SafariHelps/single-tours.php on line 85
[10-Dec-2019 06:26:15 UTC] PHP Notice:  Undefined index: route_map in /home/u729658375/domains/safarihelps.com/public_html/demo/wildones/wp-content/themes/SafariHelps/single-tours.php on line 85
[10-Dec-2019 06:27:23 UTC] PHP Notice:  Undefined index: route_map in /home/u729658375/domains/safarihelps.com/public_html/demo/wildones/wp-content/themes/SafariHelps/single-tours.php on line 85
[10-Dec-2019 06:29:03 UTC] PHP Notice:  Undefined index: route_map in /home/u729658375/domains/safarihelps.com/public_html/demo/wildones/wp-content/themes/SafariHelps/single-tours.php on line 85
[10-Dec-2019 06:32:16 UTC] PHP Notice:  Undefined index: route_map in /home/u729658375/domains/safarihelps.com/public_html/demo/wildones/wp-content/themes/SafariHelps/single-tours.php on line 85
[10-Dec-2019 06:32:36 UTC] PHP Notice:  Undefined index: route_map in /home/u729658375/domains/safarihelps.com/public_html/demo/wildones/wp-content/themes/SafariHelps/single-tours.php on line 85
[10-Dec-2019 08:00:58 UTC] PHP Notice:  Undefined index: route_map in /home/u729658375/domains/safarihelps.com/public_html/demo/wildones/wp-content/themes/SafariHelps/single-tours.php on line 85
[10-Dec-2019 10:51:30 UTC] PHP Notice:  Undefined index: route_map in /home/u729658375/domains/safarihelps.com/public_html/demo/wildones/wp-content/themes/SafariHelps/single-tours.php on line 85
[10-Dec-2019 12:14:13 UTC] PHP Notice:  Undefined index: route_map in /home/u729658375/domains/safarihelps.com/public_html/demo/wildones/wp-content/themes/SafariHelps/single-tours.php on line 85
[10-Dec-2019 12:39:30 UTC] PHP Notice:  Undefined index: route_map in /home/u729658375/domains/safarihelps.com/public_html/demo/wildones/wp-content/themes/SafariHelps/single-tours.php on line 85
[10-Dec-2019 13:21:48 UTC] PHP Recoverable fatal error:  Object of class WP_Term could not be converted to string in /home/u729658375/domains/safarihelps.com/public_html/demo/wildones/wp-content/themes/SafariHelps/archive.php on line 34
[10-Dec-2019 14:37:07 UTC] PHP Notice:  Undefined index: route_map in /home/u729658375/domains/safarihelps.com/public_html/demo/wildones/wp-content/themes/SafariHelps/single-tours.php on line 85
[10-Dec-2019 15:06:35 UTC] PHP Notice:  Undefined index: route_map in /home/u729658375/domains/safarihelps.com/public_html/demo/wildones/wp-content/themes/SafariHelps/single-tours.php on line 85
[11-Dec-2019 05:54:39 UTC] PHP Notice:  Undefined index: route_map in /home/u729658375/domains/safarihelps.com/public_html/demo/wildones/wp-content/themes/SafariHelps/single-tours.php on line 85
[11-Dec-2019 05:54:46 UTC] PHP Notice:  Undefined index: route_map in /home/u729658375/domains/safarihelps.com/public_html/demo/wildones/wp-content/themes/SafariHelps/single-tours.php on line 85
[11-Dec-2019 05:57:40 UTC] PHP Notice:  Undefined index: route_map in /home/u729658375/domains/safarihelps.com/public_html/demo/wildones/wp-content/themes/SafariHelps/single-tours.php on line 85
[11-Dec-2019 06:00:35 UTC] PHP Notice:  Undefined index: route_map in /home/u729658375/domains/safarihelps.com/public_html/demo/wildones/wp-content/themes/SafariHelps/single-tours.php on line 85
[11-Dec-2019 07:23:56 UTC] PHP Notice:  Undefined index: route_map in /home/u729658375/domains/safarihelps.com/public_html/demo/wildones/wp-content/themes/SafariHelps/single-tours.php on line 85
[11-Dec-2019 07:30:20 UTC] PHP Notice:  Undefined index: route_map in /home/u729658375/domains/safarihelps.com/public_html/demo/wildones/wp-content/themes/SafariHelps/single-tours.php on line 85
[11-Dec-2019 07:44:34 UTC] PHP Notice:  Undefined index: route_map in /home/u729658375/domains/safarihelps.com/public_html/demo/wildones/wp-content/themes/SafariHelps/single-tours.php on line 85
[11-Dec-2019 07:52:11 UTC] PHP Notice:  Undefined index: route_map in /home/u729658375/domains/safarihelps.com/public_html/demo/wildones/wp-content/themes/SafariHelps/single-tours.php on line 85
[11-Dec-2019 07:59:14 UTC] PHP Notice:  Undefined index: route_map in /home/u729658375/domains/safarihelps.com/public_html/demo/wildones/wp-content/themes/SafariHelps/single-tours.php on line 85
[11-Dec-2019 08:06:10 UTC] PHP Notice:  Undefined index: route_map in /home/u729658375/domains/safarihelps.com/public_html/demo/wildones/wp-content/themes/SafariHelps/single-tours.php on line 85
[11-Dec-2019 08:14:30 UTC] PHP Notice:  Undefined index: route_map in /home/u729658375/domains/safarihelps.com/public_html/demo/wildones/wp-content/themes/SafariHelps/single-tours.php on line 85
[11-Dec-2019 09:27:59 UTC] PHP Notice:  Undefined index: route_map in /home/u729658375/domains/safarihelps.com/public_html/demo/wildones/wp-content/themes/SafariHelps/single-tours.php on line 85
[11-Dec-2019 09:30:31 UTC] PHP Notice:  Undefined index: route_map in /home/u729658375/domains/safarihelps.com/public_html/demo/wildones/wp-content/themes/SafariHelps/single-tours.php on line 85
[11-Dec-2019 09:50:40 UTC] PHP Notice:  Undefined index: route_map in /home/u729658375/domains/safarihelps.com/public_html/demo/wildones/wp-content/themes/SafariHelps/single-tours.php on line 85
[11-Dec-2019 10:23:33 UTC] PHP Notice:  Undefined index: route_map in /home/u729658375/domains/safarihelps.com/public_html/demo/wildones/wp-content/themes/SafariHelps/single-tours.php on line 85
[11-Dec-2019 10:31:59 UTC] PHP Notice:  Undefined index: route_map in /home/u729658375/domains/safarihelps.com/public_html/demo/wildones/wp-content/themes/SafariHelps/single-tours.php on line 85
[11-Dec-2019 10:32:06 UTC] PHP Notice:  Undefined index: route_map in /home/u729658375/domains/safarihelps.com/public_html/demo/wildones/wp-content/themes/SafariHelps/single-tours.php on line 85
[11-Dec-2019 10:33:57 UTC] PHP Notice:  Undefined index: route_map in /home/u729658375/domains/safarihelps.com/public_html/demo/wildones/wp-content/themes/SafariHelps/single-tours.php on line 85
[11-Dec-2019 10:34:15 UTC] PHP Notice:  Undefined index: route_map in /home/u729658375/domains/safarihelps.com/public_html/demo/wildones/wp-content/themes/SafariHelps/single-tours.php on line 85
[11-Dec-2019 10:35:47 UTC] PHP Notice:  Undefined index: route_map in /home/u729658375/domains/safarihelps.com/public_html/demo/wildones/wp-content/themes/SafariHelps/single-tours.php on line 85
[11-Dec-2019 10:38:15 UTC] PHP Notice:  Undefined index: route_map in /home/u729658375/domains/safarihelps.com/public_html/demo/wildones/wp-content/themes/SafariHelps/single-tours.php on line 85
[11-Dec-2019 11:17:59 UTC] PHP Notice:  Undefined index: route_map in /home/u729658375/domains/safarihelps.com/public_html/demo/wildones/wp-content/themes/SafariHelps/single-tours.php on line 85
[12-Dec-2019 03:23:57 UTC] PHP Notice:  Undefined index: route_map in /home/u729658375/domains/safarihelps.com/public_html/demo/wildones/wp-content/themes/SafariHelps/single-tours.php on line 85
[12-Dec-2019 03:25:30 UTC] PHP Notice:  Undefined index: route_map in /home/u729658375/domains/safarihelps.com/public_html/demo/wildones/wp-content/themes/SafariHelps/single-tours.php on line 85
[12-Dec-2019 03:27:17 UTC] PHP Notice:  Undefined index: route_map in /home/u729658375/domains/safarihelps.com/public_html/demo/wildones/wp-content/themes/SafariHelps/single-tours.php on line 85
[12-Dec-2019 03:29:26 UTC] PHP Notice:  Undefined index: route_map in /home/u729658375/domains/safarihelps.com/public_html/demo/wildones/wp-content/themes/SafariHelps/single-tours.php on line 85
[12-Dec-2019 03:29:31 UTC] PHP Notice:  Undefined index: route_map in /home/u729658375/domains/safarihelps.com/public_html/demo/wildones/wp-content/themes/SafariHelps/single-tours.php on line 85
[12-Dec-2019 03:30:59 UTC] PHP Notice:  Undefined index: route_map in /home/u729658375/domains/safarihelps.com/public_html/demo/wildones/wp-content/themes/SafariHelps/single-tours.php on line 85
[12-Dec-2019 03:42:55 UTC] PHP Notice:  Undefined index: route_map in /home/u729658375/domains/safarihelps.com/public_html/demo/wildones/wp-content/themes/SafariHelps/single-tours.php on line 85
[12-Dec-2019 04:03:52 UTC] PHP Notice:  Undefined index: route_map in /home/u729658375/domains/safarihelps.com/public_html/demo/wildones/wp-content/themes/SafariHelps/single-tours.php on line 85
[12-Dec-2019 04:04:24 UTC] PHP Notice:  Undefined index: route_map in /home/u729658375/domains/safarihelps.com/public_html/demo/wildones/wp-content/themes/SafariHelps/single-tours.php on line 85
[12-Dec-2019 04:05:06 UTC] PHP Notice:  Undefined index: route_map in /home/u729658375/domains/safarihelps.com/public_html/demo/wildones/wp-content/themes/SafariHelps/single-tours.php on line 85
[12-Dec-2019 04:15:44 UTC] PHP Notice:  Undefined index: route_map in /home/u729658375/domains/safarihelps.com/public_html/demo/wildones/wp-content/themes/SafariHelps/single-tours.php on line 85
[12-Dec-2019 04:15:57 UTC] PHP Notice:  Undefined index: route_map in /home/u729658375/domains/safarihelps.com/public_html/demo/wildones/wp-content/themes/SafariHelps/single-tours.php on line 85
[12-Dec-2019 04:16:42 UTC] PHP Notice:  Undefined index: route_map in /home/u729658375/domains/safarihelps.com/public_html/demo/wildones/wp-content/themes/SafariHelps/single-tours.php on line 85
[12-Dec-2019 04:39:48 UTC] PHP Notice:  Undefined index: route_map in /home/u729658375/domains/safarihelps.com/public_html/demo/wildones/wp-content/themes/SafariHelps/single-tours.php on line 85
[12-Dec-2019 04:48:22 UTC] PHP Notice:  Undefined index: route_map in /home/u729658375/domains/safarihelps.com/public_html/demo/wildones/wp-content/themes/SafariHelps/single-tours.php on line 85
[12-Dec-2019 05:09:33 UTC] PHP Notice:  Undefined index: route_map in /home/u729658375/domains/safarihelps.com/public_html/demo/wildones/wp-content/themes/SafariHelps/single-tours.php on line 85
[12-Dec-2019 05:09:49 UTC] PHP Notice:  Undefined variable: trips in /home/u729658375/domains/safarihelps.com/public_html/demo/wildones/wp-content/themes/SafariHelps/archive.php on line 60
[12-Dec-2019 05:09:49 UTC] PHP Fatal error:  Uncaught Error: Call to a member function the_post() on null in /home/u729658375/domains/safarihelps.com/public_html/demo/wildones/wp-content/themes/SafariHelps/archive.php:60
Stack trace:
#0 /home/u729658375/domains/safarihelps.com/public_html/demo/wildones/wp-includes/template-loader.php(98): include()
#1 /home/u729658375/domains/safarihelps.com/public_html/demo/wildones/wp-blog-header.php(19): require_once('/home/u72965837...')
#2 /home/u729658375/domains/safarihelps.com/public_html/demo/wildones/index.php(17): require('/home/u72965837...')
#3 {main}
  thrown in /home/u729658375/domains/safarihelps.com/public_html/demo/wildones/wp-content/themes/SafariHelps/archive.php on line 60
[12-Dec-2019 05:16:14 UTC] PHP Parse error:  syntax error, unexpected '<' in /home/u729658375/domains/safarihelps.com/public_html/demo/wildones/wp-content/themes/SafariHelps/archive.php on line 63
[12-Dec-2019 05:21:07 UTC] PHP Parse error:  syntax error, unexpected 'echo' (T_ECHO) in /home/u729658375/domains/safarihelps.com/public_html/demo/wildones/wp-content/themes/SafariHelps/archive.php on line 73
[12-Dec-2019 05:27:43 UTC] PHP Notice:  Undefined index: route_map in /home/u729658375/domains/safarihelps.com/public_html/demo/wildones/wp-content/themes/SafariHelps/single-tours.php on line 85
[12-Dec-2019 05:27:53 UTC] PHP Notice:  Undefined index: route_map in /home/u729658375/domains/safarihelps.com/public_html/demo/wildones/wp-content/themes/SafariHelps/single-tours.php on line 85
[12-Dec-2019 05:34:04 UTC] PHP Notice:  Undefined index: route_map in /home/u729658375/domains/safarihelps.com/public_html/demo/wildones/wp-content/themes/SafariHelps/single-tours.php on line 85
[12-Dec-2019 05:42:26 UTC] PHP Notice:  Undefined index: route_map in /home/u729658375/domains/safarihelps.com/public_html/demo/wildones/wp-content/themes/SafariHelps/single-tours.php on line 85
[12-Dec-2019 06:50:32 UTC] PHP Notice:  Undefined index: route_map in /home/u729658375/domains/safarihelps.com/public_html/demo/wildones/wp-content/themes/SafariHelps/single-tours.php on line 85
[12-Dec-2019 07:04:49 UTC] PHP Notice:  Undefined index: route_map in /home/u729658375/domains/safarihelps.com/public_html/demo/wildones/wp-content/themes/SafariHelps/single-tours.php on line 85
[12-Dec-2019 07:04:54 UTC] PHP Notice:  Undefined index: route_map in /home/u729658375/domains/safarihelps.com/public_html/demo/wildones/wp-content/themes/SafariHelps/single-tours.php on line 85
[12-Dec-2019 07:06:05 UTC] PHP Notice:  Undefined index: route_map in /home/u729658375/domains/safarihelps.com/public_html/demo/wildones/wp-content/themes/SafariHelps/single-tours.php on line 85
[12-Dec-2019 07:06:37 UTC] PHP Notice:  Undefined index: route_map in /home/u729658375/domains/safarihelps.com/public_html/demo/wildones/wp-content/themes/SafariHelps/single-tours.php on line 85
[12-Dec-2019 07:07:37 UTC] PHP Notice:  Undefined index: route_map in /home/u729658375/domains/safarihelps.com/public_html/demo/wildones/wp-content/themes/SafariHelps/single-tours.php on line 85
[12-Dec-2019 07:08:06 UTC] PHP Notice:  Undefined index: route_map in /home/u729658375/domains/safarihelps.com/public_html/demo/wildones/wp-content/themes/SafariHelps/single-tours.php on line 85
[12-Dec-2019 07:08:39 UTC] PHP Notice:  Undefined index: route_map in /home/u729658375/domains/safarihelps.com/public_html/demo/wildones/wp-content/themes/SafariHelps/single-tours.php on line 85
[12-Dec-2019 07:09:45 UTC] PHP Notice:  Undefined index: route_map in /home/u729658375/domains/safarihelps.com/public_html/demo/wildones/wp-content/themes/SafariHelps/single-tours.php on line 85
[12-Dec-2019 07:10:18 UTC] PHP Notice:  Undefined index: route_map in /home/u729658375/domains/safarihelps.com/public_html/demo/wildones/wp-content/themes/SafariHelps/single-tours.php on line 85
[12-Dec-2019 07:10:40 UTC] PHP Notice:  Undefined index: route_map in /home/u729658375/domains/safarihelps.com/public_html/demo/wildones/wp-content/themes/SafariHelps/single-tours.php on line 85
[13-Dec-2019 09:36:45 UTC] PHP Warning:  Error while sending QUERY packet. PID=17710 in /home/u729658375/domains/safarihelps.com/public_html/demo/wildones/wp-includes/wp-db.php on line 2030
[13-Dec-2019 09:49:50 UTC] PHP Notice:  Undefined index: route_map in /home/u729658375/domains/safarihelps.com/public_html/demo/wildones/wp-content/themes/SafariHelps/single-tours.php on line 85
[13-Dec-2019 11:13:15 UTC] PHP Notice:  Undefined index: route_map in /home/u729658375/domains/safarihelps.com/public_html/demo/wildones/wp-content/themes/SafariHelps/single-tours.php on line 85
[14-Dec-2019 01:12:02 UTC] PHP Notice:  Undefined index: route_map in /home/u729658375/domains/safarihelps.com/public_html/demo/wildones/wp-content/themes/SafariHelps/single-tours.php on line 85
[14-Dec-2019 05:10:06 UTC] PHP Notice:  Undefined index: route_map in /home/u729658375/domains/safarihelps.com/public_html/demo/wildones/wp-content/themes/SafariHelps/single-tours.php on line 85
[14-Dec-2019 06:16:23 UTC] PHP Notice:  Undefined index: route_map in /home/u729658375/domains/safarihelps.com/public_html/demo/wildones/wp-content/themes/SafariHelps/single-tours.php on line 85
[14-Dec-2019 06:26:11 UTC] PHP Notice:  Undefined index: route_map in /home/u729658375/domains/safarihelps.com/public_html/demo/wildones/wp-content/themes/SafariHelps/single-tours.php on line 85
[14-Dec-2019 06:55:56 UTC] PHP Notice:  Undefined index: route_map in /home/u729658375/domains/safarihelps.com/public_html/demo/wildones/wp-content/themes/SafariHelps/single-tours.php on line 85
[14-Dec-2019 06:55:59 UTC] PHP Notice:  Undefined index: route_map in /home/u729658375/domains/safarihelps.com/public_html/demo/wildones/wp-content/themes/SafariHelps/single-tours.php on line 85
[14-Dec-2019 07:01:40 UTC] PHP Notice:  Undefined index: route_map in /home/u729658375/domains/safarihelps.com/public_html/demo/wildones/wp-content/themes/SafariHelps/single-tours.php on line 85
[14-Dec-2019 07:06:12 UTC] PHP Notice:  Undefined index: route_map in /home/u729658375/domains/safarihelps.com/public_html/demo/wildones/wp-content/themes/SafariHelps/single-tours.php on line 85
[14-Dec-2019 07:07:50 UTC] PHP Notice:  Undefined index: route_map in /home/u729658375/domains/safarihelps.com/public_html/demo/wildones/wp-content/themes/SafariHelps/single-tours.php on line 85
[14-Dec-2019 07:09:42 UTC] PHP Notice:  Undefined index: route_map in /home/u729658375/domains/safarihelps.com/public_html/demo/wildones/wp-content/themes/SafariHelps/single-tours.php on line 85
[14-Dec-2019 07:13:12 UTC] PHP Notice:  Undefined index: route_map in /home/u729658375/domains/safarihelps.com/public_html/demo/wildones/wp-content/themes/SafariHelps/single-tours.php on line 85
[14-Dec-2019 07:15:08 UTC] PHP Notice:  Undefined index: route_map in /home/u729658375/domains/safarihelps.com/public_html/demo/wildones/wp-content/themes/SafariHelps/single-tours.php on line 85
[14-Dec-2019 07:15:12 UTC] PHP Notice:  Undefined index: route_map in /home/u729658375/domains/safarihelps.com/public_html/demo/wildones/wp-content/themes/SafariHelps/single-tours.php on line 85
[14-Dec-2019 07:15:55 UTC] PHP Notice:  Undefined index: route_map in /home/u729658375/domains/safarihelps.com/public_html/demo/wildones/wp-content/themes/SafariHelps/single-tours.php on line 85
[14-Dec-2019 07:17:23 UTC] PHP Notice:  Undefined index: route_map in /home/u729658375/domains/safarihelps.com/public_html/demo/wildones/wp-content/themes/SafariHelps/single-tours.php on line 85
[14-Dec-2019 07:19:09 UTC] PHP Notice:  Undefined index: route_map in /home/u729658375/domains/safarihelps.com/public_html/demo/wildones/wp-content/themes/SafariHelps/single-tours.php on line 85
[14-Dec-2019 07:19:40 UTC] PHP Notice:  Undefined index: route_map in /home/u729658375/domains/safarihelps.com/public_html/demo/wildones/wp-content/themes/SafariHelps/single-tours.php on line 85
[14-Dec-2019 07:20:42 UTC] PHP Notice:  Undefined index: route_map in /home/u729658375/domains/safarihelps.com/public_html/demo/wildones/wp-content/themes/SafariHelps/single-tours.php on line 85
[14-Dec-2019 07:20:47 UTC] PHP Notice:  Undefined index: route_map in /home/u729658375/domains/safarihelps.com/public_html/demo/wildones/wp-content/themes/SafariHelps/single-tours.php on line 85
[14-Dec-2019 07:21:30 UTC] PHP Notice:  Undefined index: route_map in /home/u729658375/domains/safarihelps.com/public_html/demo/wildones/wp-content/themes/SafariHelps/single-tours.php on line 85
[14-Dec-2019 07:23:31 UTC] PHP Notice:  Undefined index: route_map in /home/u729658375/domains/safarihelps.com/public_html/demo/wildones/wp-content/themes/SafariHelps/single-tours.php on line 85
[14-Dec-2019 07:23:34 UTC] PHP Notice:  Undefined index: route_map in /home/u729658375/domains/safarihelps.com/public_html/demo/wildones/wp-content/themes/SafariHelps/single-tours.php on line 85
[14-Dec-2019 07:24:09 UTC] PHP Notice:  Undefined index: route_map in /home/u729658375/domains/safarihelps.com/public_html/demo/wildones/wp-content/themes/SafariHelps/single-tours.php on line 85
[14-Dec-2019 07:24:50 UTC] PHP Notice:  Undefined index: route_map in /home/u729658375/domains/safarihelps.com/public_html/demo/wildones/wp-content/themes/SafariHelps/single-tours.php on line 85
[14-Dec-2019 07:26:22 UTC] PHP Notice:  Undefined index: route_map in /home/u729658375/domains/safarihelps.com/public_html/demo/wildones/wp-content/themes/SafariHelps/single-tours.php on line 85
[14-Dec-2019 07:27:32 UTC] PHP Notice:  Undefined index: route_map in /home/u729658375/domains/safarihelps.com/public_html/demo/wildones/wp-content/themes/SafariHelps/single-tours.php on line 85
[14-Dec-2019 07:27:46 UTC] PHP Notice:  Undefined index: route_map in /home/u729658375/domains/safarihelps.com/public_html/demo/wildones/wp-content/themes/SafariHelps/single-tours.php on line 85
[14-Dec-2019 07:28:19 UTC] PHP Notice:  Undefined index: route_map in /home/u729658375/domains/safarihelps.com/public_html/demo/wildones/wp-content/themes/SafariHelps/single-tours.php on line 85
[14-Dec-2019 07:30:44 UTC] PHP Notice:  Undefined index: route_map in /home/u729658375/domains/safarihelps.com/public_html/demo/wildones/wp-content/themes/SafariHelps/single-tours.php on line 85
[14-Dec-2019 07:33:10 UTC] PHP Notice:  Undefined index: route_map in /home/u729658375/domains/safarihelps.com/public_html/demo/wildones/wp-content/themes/SafariHelps/single-tours.php on line 85
[14-Dec-2019 07:34:10 UTC] PHP Notice:  Undefined index: route_map in /home/u729658375/domains/safarihelps.com/public_html/demo/wildones/wp-content/themes/SafariHelps/single-tours.php on line 85
[14-Dec-2019 07:34:33 UTC] PHP Notice:  Undefined index: route_map in /home/u729658375/domains/safarihelps.com/public_html/demo/wildones/wp-content/themes/SafariHelps/single-tours.php on line 85
[14-Dec-2019 07:34:57 UTC] PHP Notice:  Undefined index: route_map in /home/u729658375/domains/safarihelps.com/public_html/demo/wildones/wp-content/themes/SafariHelps/single-tours.php on line 85
[14-Dec-2019 07:35:10 UTC] PHP Notice:  Undefined index: route_map in /home/u729658375/domains/safarihelps.com/public_html/demo/wildones/wp-content/themes/SafariHelps/single-tours.php on line 85
[14-Dec-2019 07:35:20 UTC] PHP Notice:  Undefined index: route_map in /home/u729658375/domains/safarihelps.com/public_html/demo/wildones/wp-content/themes/SafariHelps/single-tours.php on line 85
[14-Dec-2019 07:35:34 UTC] PHP Notice:  Undefined index: route_map in /home/u729658375/domains/safarihelps.com/public_html/demo/wildones/wp-content/themes/SafariHelps/single-tours.php on line 85
[14-Dec-2019 07:37:07 UTC] PHP Notice:  Undefined index: route_map in /home/u729658375/domains/safarihelps.com/public_html/demo/wildones/wp-content/themes/SafariHelps/single-tours.php on line 85
[14-Dec-2019 07:39:16 UTC] PHP Notice:  Undefined index: route_map in /home/u729658375/domains/safarihelps.com/public_html/demo/wildones/wp-content/themes/SafariHelps/single-tours.php on line 85
[14-Dec-2019 07:39:35 UTC] PHP Notice:  Undefined index: route_map in /home/u729658375/domains/safarihelps.com/public_html/demo/wildones/wp-content/themes/SafariHelps/single-tours.php on line 85
[14-Dec-2019 07:39:40 UTC] PHP Notice:  Undefined index: route_map in /home/u729658375/domains/safarihelps.com/public_html/demo/wildones/wp-content/themes/SafariHelps/single-tours.php on line 85
[14-Dec-2019 07:39:59 UTC] PHP Notice:  Undefined index: route_map in /home/u729658375/domains/safarihelps.com/public_html/demo/wildones/wp-content/themes/SafariHelps/single-tours.php on line 85
[14-Dec-2019 07:42:09 UTC] PHP Parse error:  syntax error, unexpected 'echo' (T_ECHO) in /home/u729658375/domains/safarihelps.com/public_html/demo/wildones/wp-content/themes/SafariHelps/single-tours.php on line 85
[14-Dec-2019 07:42:44 UTC] PHP Parse error:  syntax error, unexpected 'echo' (T_ECHO) in /home/u729658375/domains/safarihelps.com/public_html/demo/wildones/wp-content/themes/SafariHelps/single-tours.php on line 85
[14-Dec-2019 07:43:24 UTC] PHP Fatal error:  Cannot use isset() on the result of an expression (you can use "null !== expression" instead) in /home/u729658375/domains/safarihelps.com/public_html/demo/wildones/wp-content/themes/SafariHelps/single-tours.php on line 85
[14-Dec-2019 07:43:28 UTC] PHP Fatal error:  Cannot use isset() on the result of an expression (you can use "null !== expression" instead) in /home/u729658375/domains/safarihelps.com/public_html/demo/wildones/wp-content/themes/SafariHelps/single-tours.php on line 85
[14-Dec-2019 07:44:03 UTC] PHP Notice:  Undefined index: route_map in /home/u729658375/domains/safarihelps.com/public_html/demo/wildones/wp-content/themes/SafariHelps/single-tours.php on line 85
[14-Dec-2019 07:44:03 UTC] PHP Notice:  Undefined index: route_map in /home/u729658375/domains/safarihelps.com/public_html/demo/wildones/wp-content/themes/SafariHelps/single-tours.php on line 85
[14-Dec-2019 15:09:02 UTC] PHP Notice:  Undefined variable: custom_fields in /home/u729658375/domains/safarihelps.com/public_html/demo/wildones/wp-content/themes/SafariHelps/templates/booking-page.php on line 19
[14-Dec-2019 15:11:23 UTC] PHP Notice:  Undefined variable: custom_fields in /home/u729658375/domains/safarihelps.com/public_html/demo/wildones/wp-content/themes/SafariHelps/templates/booking-page.php on line 21
[14-Dec-2019 15:15:57 UTC] PHP Notice:  Undefined variable: custom_fields in /home/u729658375/domains/safarihelps.com/public_html/demo/wildones/wp-content/themes/SafariHelps/templates/booking-page.php on line 21
[14-Dec-2019 15:19:25 UTC] PHP Parse error:  syntax error, unexpected '>' in /home/u729658375/domains/safarihelps.com/public_html/demo/wildones/wp-content/themes/SafariHelps/single-tours.php on line 520
[14-Dec-2019 15:20:05 UTC] PHP Notice:  Undefined variable: custom_fields in /home/u729658375/domains/safarihelps.com/public_html/demo/wildones/wp-content/themes/SafariHelps/templates/booking-page.php on line 21
[20-Dec-2019 07:57:20 UTC] PHP Notice:  Undefined index: tour_duration in /home/u729658375/domains/safarihelps.com/public_html/demo/wildones/wp-content/themes/SafariHelps/single-tours.php on line 510
[21-Dec-2019 05:45:38 UTC] PHP Notice:  Undefined index: day_9 in /home/u729658375/domains/safarihelps.com/public_html/demo/wildones/wp-content/themes/SafariHelps/single-tours.php on line 119
[21-Dec-2019 05:45:38 UTC] PHP Notice:  Undefined index: day_9 in /home/u729658375/domains/safarihelps.com/public_html/demo/wildones/wp-content/themes/SafariHelps/single-tours.php on line 238
[21-Dec-2019 05:45:38 UTC] PHP Notice:  Undefined index: image_2 in /home/u729658375/domains/safarihelps.com/public_html/demo/wildones/wp-content/themes/SafariHelps/single-tours.php on line 241
[21-Dec-2019 05:45:38 UTC] PHP Notice:  Undefined index: headline in /home/u729658375/domains/safarihelps.com/public_html/demo/wildones/wp-content/themes/SafariHelps/single-tours.php on line 256
[21-Dec-2019 05:45:38 UTC] PHP Notice:  Undefined index: description in /home/u729658375/domains/safarihelps.com/public_html/demo/wildones/wp-content/themes/SafariHelps/single-tours.php on line 258
[21-Dec-2019 05:46:11 UTC] PHP Notice:  Undefined index: day_9 in /home/u729658375/domains/safarihelps.com/public_html/demo/wildones/wp-content/themes/SafariHelps/single-tours.php on line 119
[21-Dec-2019 05:46:11 UTC] PHP Notice:  Undefined index: day_9 in /home/u729658375/domains/safarihelps.com/public_html/demo/wildones/wp-content/themes/SafariHelps/single-tours.php on line 238
[21-Dec-2019 05:46:11 UTC] PHP Notice:  Undefined index: image_2 in /home/u729658375/domains/safarihelps.com/public_html/demo/wildones/wp-content/themes/SafariHelps/single-tours.php on line 241
[21-Dec-2019 05:46:11 UTC] PHP Notice:  Undefined index: headline in /home/u729658375/domains/safarihelps.com/public_html/demo/wildones/wp-content/themes/SafariHelps/single-tours.php on line 256
[21-Dec-2019 05:46:11 UTC] PHP Notice:  Undefined index: description in /home/u729658375/domains/safarihelps.com/public_html/demo/wildones/wp-content/themes/SafariHelps/single-tours.php on line 258
[21-Dec-2019 05:47:52 UTC] PHP Notice:  Undefined index: day_9 in /home/u729658375/domains/safarihelps.com/public_html/demo/wildones/wp-content/themes/SafariHelps/single-tours.php on line 119
[21-Dec-2019 05:47:52 UTC] PHP Notice:  Undefined index: day_9 in /home/u729658375/domains/safarihelps.com/public_html/demo/wildones/wp-content/themes/SafariHelps/single-tours.php on line 238
[21-Dec-2019 05:47:52 UTC] PHP Notice:  Undefined index: image_2 in /home/u729658375/domains/safarihelps.com/public_html/demo/wildones/wp-content/themes/SafariHelps/single-tours.php on line 241
[21-Dec-2019 05:47:52 UTC] PHP Notice:  Undefined index: headline in /home/u729658375/domains/safarihelps.com/public_html/demo/wildones/wp-content/themes/SafariHelps/single-tours.php on line 256
[21-Dec-2019 05:47:52 UTC] PHP Notice:  Undefined index: description in /home/u729658375/domains/safarihelps.com/public_html/demo/wildones/wp-content/themes/SafariHelps/single-tours.php on line 258
[21-Dec-2019 06:01:48 UTC] PHP Notice:  Undefined offset: 0 in /home/u729658375/domains/safarihelps.com/public_html/demo/wildones/wp-content/themes/SafariHelps/single-tours.php on line 396
[21-Dec-2019 06:01:48 UTC] PHP Notice:  Trying to get property 'taxonomy' of non-object in /home/u729658375/domains/safarihelps.com/public_html/demo/wildones/wp-content/themes/SafariHelps/single-tours.php on line 396
[21-Dec-2019 06:01:48 UTC] PHP Notice:  Undefined offset: 0 in /home/u729658375/domains/safarihelps.com/public_html/demo/wildones/wp-content/themes/SafariHelps/single-tours.php on line 398
[21-Dec-2019 06:01:48 UTC] PHP Notice:  Trying to get property 'slug' of non-object in /home/u729658375/domains/safarihelps.com/public_html/demo/wildones/wp-content/themes/SafariHelps/single-tours.php on line 398
[21-Dec-2019 06:01:48 UTC] PHP Notice:  Undefined offset: 1 in /home/u729658375/domains/safarihelps.com/public_html/demo/wildones/wp-content/themes/SafariHelps/single-tours.php on line 401
[21-Dec-2019 06:01:48 UTC] PHP Notice:  Trying to get property 'taxonomy' of non-object in /home/u729658375/domains/safarihelps.com/public_html/demo/wildones/wp-content/themes/SafariHelps/single-tours.php on line 401
[21-Dec-2019 06:01:48 UTC] PHP Notice:  Undefined offset: 1 in /home/u729658375/domains/safarihelps.com/public_html/demo/wildones/wp-content/themes/SafariHelps/single-tours.php on line 403
[21-Dec-2019 06:01:48 UTC] PHP Notice:  Trying to get property 'slug' of non-object in /home/u729658375/domains/safarihelps.com/public_html/demo/wildones/wp-content/themes/SafariHelps/single-tours.php on line 403
[21-Dec-2019 06:12:37 UTC] PHP Parse error:  syntax error, unexpected '$itinerary_arr' (T_VARIABLE), expecting ',' or ';' in /home/u729658375/domains/safarihelps.com/public_html/demo/wildones/wp-content/themes/SafariHelps/single-tours.php on line 15
